0 verbose cli /Users/local/.nvm/versions/node/v18.17.1/bin/node /Users/local/.nvm/versions/node/v18.17.1/bin/npm
1 info using npm@10.2.5
2 info using node@v18.17.1
3 timing npm:load:whichnode Completed in 3ms
4 timing config:load:defaults Completed in 3ms
5 timing config:load:file:/Users/local/.nvm/versions/node/v18.17.1/lib/node_modules/npm/npmrc Completed in 4ms
6 timing config:load:builtin Completed in 4ms
7 timing config:load:cli Completed in 4ms
8 timing config:load:env Completed in 1ms
9 timing config:load:file:/Users/local/.npmrc Completed in 7ms
10 timing config:load:project Completed in 9ms
11 timing config:load:file:/Users/local/moonbeam/.npmrc Completed in 1ms
12 timing config:load:user Completed in 1ms
13 timing config:load:file:/Users/local/.nvm/versions/node/v18.17.1/etc/npmrc Completed in 0ms
14 timing config:load:global Completed in 0ms
15 timing config:load:setEnvs Completed in 2ms
16 timing config:load Completed in 24ms
17 timing npm:load:configload Completed in 24ms
18 timing config:load:flatten Completed in 4ms
19 timing npm:load:mkdirpcache Completed in 0ms
20 timing npm:load:mkdirplogs Completed in 0ms
21 verbose title npm init
22 verbose argv "init"
23 timing npm:load:setTitle Completed in 42ms
24 timing npm:load:display Completed in 1ms
25 verbose logfile logs-max:10 dir:/Users/local/moonbeam/.npm/_logs/2023-12-25T06_04_26_608Z-
26 verbose logfile /Users/local/moonbeam/.npm/_logs/2023-12-25T06_04_26_608Z-debug-0.log
27 timing npm:load:logFile Completed in 15ms
28 timing npm:load:timers Completed in 0ms
29 timing npm:load:configScope Completed in 0ms
30 timing npm:load Completed in 116ms
31 silly logfile done cleaning log files
32 http fetch GET 200 https://registry.npmjs.org/npm 2449ms
33 silly package data {
33 silly package data   name: 'moonbeam',
33 silly package data   version: '1.0.0',
33 silly package data   description: '',
33 silly package data   main: 'index.js',
33 silly package data   scripts: { test: 'echo "Error: no test specified" && exit 1' },
33 silly package data   author: 'Einstein Punk',
33 silly package data   license: 'ISC'
33 silly package data }
34 timing command:init Completed in 12233ms
35 verbose exit 0
36 timing npm Completed in 12886ms
37 info ok
