0 verbose cli /Users/local/.nvm/versions/node/v16.20.2/bin/node /Users/local/.nvm/versions/node/v16.20.2/bin/npm
1 info using npm@8.19.4
2 info using node@v16.20.2
3 timing npm:load:whichnode Completed in 1ms
4 timing config:load:defaults Completed in 8ms
5 timing config:load:file:/Users/local/.nvm/versions/node/v16.20.2/lib/node_modules/npm/npmrc Completed in 4ms
6 timing config:load:builtin Completed in 4ms
7 timing config:load:cli Completed in 22ms
8 timing config:load:env Completed in 1ms
9 timing config:load:project Completed in 49ms
10 timing config:load:file:/Users/local/moonbeam/.npmrc Completed in 0ms
11 timing config:load:user Completed in 0ms
12 timing config:load:file:/Users/local/.nvm/versions/node/v16.20.2/etc/npmrc Completed in 0ms
13 timing config:load:global Completed in 0ms
14 timing config:load:validate Completed in 0ms
15 timing config:load:credentials Completed in 5ms
16 timing config:load:setEnvs Completed in 1ms
17 timing config:load Completed in 94ms
18 timing npm:load:configload Completed in 94ms
19 timing npm:load:mkdirpcache Completed in 4ms
20 timing npm:load:mkdirplogs Completed in 2ms
21 verbose title npm
22 verbose argv "--version"
23 timing npm:load:setTitle Completed in 162ms
24 timing config:load:flatten Completed in 14ms
25 timing npm:load:display Completed in 75ms
26 verbose logfile logs-max:10 dir:/Users/local/moonbeam/.npm/_logs
27 verbose logfile /Users/local/moonbeam/.npm/_logs/2023-12-25T06_33_02_779Z-debug-0.log
28 timing npm:load:logFile Completed in 41ms
29 timing npm:load:timers Completed in 0ms
30 timing npm:load:configScope Completed in 0ms
31 timing npm:load Completed in 384ms
32 verbose exit 0
33 timing npm Completed in 451ms
34 info ok
