0 verbose cli /Users/local/.nvm/versions/node/v16.20.2/bin/node /Users/local/.nvm/versions/node/v16.20.2/lib/node_modules/npm/bin/npm-cli.js
1 info using npm@8.19.4
2 info using node@v16.20.2
3 timing npm:load:whichnode Completed in 2ms
4 timing config:load:defaults Completed in 3ms
5 timing config:load:file:/Users/local/.nvm/versions/node/v16.20.2/lib/node_modules/npm/npmrc Completed in 1ms
6 timing config:load:builtin Completed in 2ms
7 timing config:load:cli Completed in 34ms
8 timing config:load:env Completed in 3ms
9 timing config:load:project Completed in 96ms
10 timing config:load:file:/Users/local/moonbeam/.npmrc Completed in 0ms
11 timing config:load:user Completed in 0ms
12 timing config:load:file:/Users/local/.nvm/versions/node/v16.20.2/etc/npmrc Completed in 0ms
13 timing config:load:global Completed in 1ms
14 timing config:load:validate Completed in 4ms
15 timing config:load:credentials Completed in 2ms
16 timing config:load:setEnvs Completed in 5ms
17 timing config:load Completed in 153ms
18 timing npm:load:configload Completed in 154ms
19 timing npm:load:mkdirpcache Completed in 6ms
20 timing npm:load:mkdirplogs Completed in 1ms
21 verbose title npm bin
22 verbose argv "bin" "--global"
23 timing npm:load:setTitle Completed in 128ms
24 timing config:load:flatten Completed in 20ms
25 timing npm:load:display Completed in 25ms
26 verbose logfile logs-max:10 dir:/Users/local/moonbeam/.npm/_logs
27 verbose logfile /Users/local/moonbeam/.npm/_logs/2023-12-25T06_34_42_093Z-debug-0.log
28 timing npm:load:logFile Completed in 20ms
29 timing npm:load:timers Completed in 0ms
30 timing npm:load:configScope Completed in 0ms
31 timing npm:load Completed in 351ms
32 timing command:bin Completed in 4ms
33 verbose exit 0
34 timing npm Completed in 376ms
35 info ok
