2023-12-24 22:04:51.558 [info] Started initializing default profile extensions in extensions installation folder. file:///Users/local/moonbeam/.vscode/extensions
2023-12-24 22:04:51.901 [warning] Failed to create default profile extensions manifest in extensions installation folder. file:///Users/local/moonbeam/.vscode/extensions Unable to create file 'vscode-userdata:/Users/local/moonbeam/.vscode/extensions/extensions.json' that already exists when overwrite flag is not set
2023-12-24 22:04:51.902 [info] Completed initializing default profile extensions in extensions installation folder. file:///Users/local/moonbeam/.vscode/extensions
2023-12-24 22:05:19.889 [info] Getting Manifest... ms-vscode-remote.remote-containers
2023-12-24 22:05:19.903 [info] Installing extension: ms-vscode-remote.remote-containers
2023-12-24 22:05:20.555 [info] Getting Manifest... ms-azuretools.vscode-docker
2023-12-24 22:05:20.568 [info] Installing extension: ms-azuretools.vscode-docker
2023-12-24 22:05:22.067 [info] Getting Manifest... googlecloudtools.cloudcode
2023-12-24 22:05:22.086 [info] Installing extension: googlecloudtools.cloudcode
2023-12-24 22:05:30.523 [info] Getting Manifest... ms-python.python
2023-12-24 22:05:30.552 [info] Installing extension: ms-python.python
2023-12-24 22:05:33.663 [info] Getting Manifest... ms-toolsai.jupyter-renderers
2023-12-24 22:05:33.679 [info] Installing extension: ms-toolsai.jupyter-renderers
2023-12-24 22:05:34.483 [info] Getting Manifest... ms-toolsai.jupyter-keymap
2023-12-24 22:05:34.542 [info] Getting Manifest... ms-python.vscode-pylance
2023-12-24 22:05:34.570 [info] Installing extension: ms-toolsai.jupyter-keymap
2023-12-24 22:05:35.295 [info] Getting Manifest... ms-vscode.cpptools
2023-12-24 22:05:35.401 [info] Installing extension: ms-vscode.cpptools
2023-12-24 22:05:36.736 [info] Getting Manifest... ms-toolsai.jupyter
2023-12-24 22:05:36.844 [info] Installing extension: ms-toolsai.jupyter
2023-12-24 22:05:37.015 [info] Extension signature is verified: ms-vscode-remote.remote-containers
2023-12-24 22:05:37.692 [info] Extension signature is verified: ms-azuretools.vscode-docker
2023-12-24 22:05:38.268 [info] Getting Manifest... ms-toolsai.jupyter-keymap
2023-12-24 22:05:38.281 [info] Getting Manifest... ms-toolsai.jupyter-renderers
2023-12-24 22:05:38.294 [info] Getting Manifest... ms-toolsai.vscode-jupyter-cell-tags
2023-12-24 22:05:39.689 [info] Extracted extension to file:///Users/local/moonbeam/.vscode/extensions/ms-azuretools.vscode-docker-1.28.0: ms-azuretools.vscode-docker
2023-12-24 22:05:39.736 [info] Renamed to /Users/local/moonbeam/.vscode/extensions/ms-azuretools.vscode-docker-1.28.0
2023-12-24 22:05:39.758 [info] Extracting extension completed. ms-azuretools.vscode-docker
2023-12-24 22:05:39.908 [info] Extension installed successfully: ms-azuretools.vscode-docker
2023-12-24 22:05:40.443 [info] Extracted extension to file:///Users/local/moonbeam/.vscode/extensions/ms-vscode-remote.remote-containers-0.327.0: ms-vscode-remote.remote-containers
2023-12-24 22:05:40.477 [info] Renamed to /Users/local/moonbeam/.vscode/extensions/ms-vscode-remote.remote-containers-0.327.0
2023-12-24 22:05:40.487 [info] Extracting extension completed. ms-vscode-remote.remote-containers
2023-12-24 22:05:40.526 [info] Extension installed successfully: ms-vscode-remote.remote-containers
2023-12-24 22:05:44.138 [info] Getting Manifest... ms-python.vscode-pylance
2023-12-24 22:05:44.174 [info] Installing extension: ms-python.vscode-pylance
2023-12-24 22:05:44.405 [info] Waiting for already requested installing extension ms-python.vscode-pylance ms-python.python
2023-12-24 22:05:47.160 [info] Getting Manifest... ms-toolsai.vscode-jupyter-slideshow
2023-12-24 22:05:47.712 [info] Getting Manifest... ms-python.python
2023-12-24 22:06:04.156 [info] Waiting for already requested installing extension ms-toolsai.jupyter-keymap ms-toolsai.jupyter
2023-12-24 22:06:04.157 [info] Waiting for already requested installing extension ms-toolsai.jupyter-renderers ms-toolsai.jupyter
2023-12-24 22:06:04.157 [info] Installing extension: ms-toolsai.vscode-jupyter-cell-tags ms-toolsai.jupyter
2023-12-24 22:06:04.158 [info] Installing extension: ms-toolsai.vscode-jupyter-slideshow ms-toolsai.jupyter
2023-12-24 22:06:07.743 [info] Extension signature is verified: ms-toolsai.jupyter-keymap
2023-12-24 22:06:07.781 [info] Extracted extension to file:///Users/local/moonbeam/.vscode/extensions/ms-toolsai.jupyter-keymap-1.1.2: ms-toolsai.jupyter-keymap
2023-12-24 22:06:07.820 [info] Renamed to /Users/local/moonbeam/.vscode/extensions/ms-toolsai.jupyter-keymap-1.1.2
2023-12-24 22:06:07.824 [info] Extracting extension completed. ms-toolsai.jupyter-keymap
2023-12-24 22:06:07.868 [info] Extension installed successfully: ms-toolsai.jupyter-keymap
2023-12-24 22:06:07.870 [info] Finished waiting for already requested installing extension ms-toolsai.jupyter-keymap ms-toolsai.jupyter
2023-12-24 22:07:02.313 [info] Extension signature is verified: ms-toolsai.vscode-jupyter-cell-tags
2023-12-24 22:07:02.329 [info] Extension signature is verified: ms-toolsai.jupyter-renderers
2023-12-24 22:07:02.460 [info] Extracted extension to file:///Users/local/moonbeam/.vscode/extensions/ms-toolsai.vscode-jupyter-cell-tags-0.1.8: ms-toolsai.vscode-jupyter-cell-tags
2023-12-24 22:07:02.528 [info] Renamed to /Users/local/moonbeam/.vscode/extensions/ms-toolsai.vscode-jupyter-cell-tags-0.1.8
2023-12-24 22:07:02.533 [info] Extracting extension completed. ms-toolsai.vscode-jupyter-cell-tags
2023-12-24 22:07:04.339 [info] Extracted extension to file:///Users/local/moonbeam/.vscode/extensions/ms-toolsai.jupyter-renderers-1.0.17: ms-toolsai.jupyter-renderers
2023-12-24 22:07:04.379 [info] Renamed to /Users/local/moonbeam/.vscode/extensions/ms-toolsai.jupyter-renderers-1.0.17
2023-12-24 22:07:04.389 [info] Extracting extension completed. ms-toolsai.jupyter-renderers
2023-12-24 22:07:04.447 [info] Extension installed successfully: ms-toolsai.jupyter-renderers
2023-12-24 22:07:04.448 [info] Finished waiting for already requested installing extension ms-toolsai.jupyter-renderers ms-toolsai.jupyter
2023-12-24 22:07:11.275 [info] Extension signature is verified: ms-toolsai.vscode-jupyter-slideshow
2023-12-24 22:07:11.330 [info] Extracted extension to file:///Users/local/moonbeam/.vscode/extensions/ms-toolsai.vscode-jupyter-slideshow-0.1.5: ms-toolsai.vscode-jupyter-slideshow
2023-12-24 22:07:11.361 [info] Renamed to /Users/local/moonbeam/.vscode/extensions/ms-toolsai.vscode-jupyter-slideshow-0.1.5
2023-12-24 22:07:11.364 [info] Extracting extension completed. ms-toolsai.vscode-jupyter-slideshow
2023-12-24 22:09:03.401 [info] Extension signature is verified: ms-python.python
2023-12-24 22:09:15.887 [info] Extracted extension to file:///Users/local/moonbeam/.vscode/extensions/ms-python.python-2023.22.1: ms-python.python
2023-12-24 22:09:15.930 [info] Renamed to /Users/local/moonbeam/.vscode/extensions/ms-python.python-2023.22.1
2023-12-24 22:09:15.941 [info] Extracting extension completed. ms-python.python
2023-12-24 22:10:04.206 [error] Error while installing the extension: googlecloudtools.cloudcode
2023-12-24 22:10:04.245 [error] Failed to install extension. googlecloudtools.cloudcode
2023-12-24 22:10:04.245 [error] Download: net::ERR_NAME_NOT_RESOLVED
    at d.download (/Applications/Visual Studio Code.app/Contents/Resources/app/out/vs/code/node/sharedProcess/sharedProcessMain.js:81:16857)
    at async te.x (/Applications/Visual Studio Code.app/Contents/Resources/app/out/vs/code/node/sharedProcess/sharedProcessMain.js:100:121718)
    at async te.h (/Applications/Visual Studio Code.app/Contents/Resources/app/out/vs/code/node/sharedProcess/sharedProcessMain.js:100:119735)
2023-12-24 22:10:04.257 [error] [uncaught exception in sharedProcess]: net::ERR_NAME_NOT_RESOLVED: Download: net::ERR_NAME_NOT_RESOLVED
    at d.download (/Applications/Visual Studio Code.app/Contents/Resources/app/out/vs/code/node/sharedProcess/sharedProcessMain.js:81:16857)
    at async te.x (/Applications/Visual Studio Code.app/Contents/Resources/app/out/vs/code/node/sharedProcess/sharedProcessMain.js:100:121718)
    at async te.h (/Applications/Visual Studio Code.app/Contents/Resources/app/out/vs/code/node/sharedProcess/sharedProcessMain.js:100:119735)
2023-12-24 22:10:34.447 [error] Error while installing the extension: ms-vscode.cpptools
2023-12-24 22:10:34.454 [error] Failed to install extension. ms-vscode.cpptools
2023-12-24 22:10:34.454 [error] Download: net::ERR_NAME_NOT_RESOLVED
    at d.download (/Applications/Visual Studio Code.app/Contents/Resources/app/out/vs/code/node/sharedProcess/sharedProcessMain.js:81:16857)
    at async te.x (/Applications/Visual Studio Code.app/Contents/Resources/app/out/vs/code/node/sharedProcess/sharedProcessMain.js:100:121718)
    at async te.h (/Applications/Visual Studio Code.app/Contents/Resources/app/out/vs/code/node/sharedProcess/sharedProcessMain.js:100:119735)
2023-12-24 22:10:34.456 [error] [uncaught exception in sharedProcess]: net::ERR_NAME_NOT_RESOLVED: Download: net::ERR_NAME_NOT_RESOLVED
    at d.download (/Applications/Visual Studio Code.app/Contents/Resources/app/out/vs/code/node/sharedProcess/sharedProcessMain.js:81:16857)
    at async te.x (/Applications/Visual Studio Code.app/Contents/Resources/app/out/vs/code/node/sharedProcess/sharedProcessMain.js:100:121718)
    at async te.h (/Applications/Visual Studio Code.app/Contents/Resources/app/out/vs/code/node/sharedProcess/sharedProcessMain.js:100:119735)
2023-12-24 22:10:34.464 [error] Error while installing the extension: ms-python.vscode-pylance
2023-12-24 22:10:34.466 [info] Finished waiting for already requested installing extension ms-python.vscode-pylance ms-python.python
2023-12-24 22:10:34.471 [error] Failed to install extension. ms-python.vscode-pylance
2023-12-24 22:10:34.472 [error] Download: net::ERR_NAME_NOT_RESOLVED
    at d.download (/Applications/Visual Studio Code.app/Contents/Resources/app/out/vs/code/node/sharedProcess/sharedProcessMain.js:81:16857)
    at async te.x (/Applications/Visual Studio Code.app/Contents/Resources/app/out/vs/code/node/sharedProcess/sharedProcessMain.js:100:121718)
    at async te.h (/Applications/Visual Studio Code.app/Contents/Resources/app/out/vs/code/node/sharedProcess/sharedProcessMain.js:100:119735)
2023-12-24 22:10:34.479 [error] [uncaught exception in sharedProcess]: net::ERR_NAME_NOT_RESOLVED: Download: net::ERR_NAME_NOT_RESOLVED
    at d.download (/Applications/Visual Studio Code.app/Contents/Resources/app/out/vs/code/node/sharedProcess/sharedProcessMain.js:81:16857)
    at async te.x (/Applications/Visual Studio Code.app/Contents/Resources/app/out/vs/code/node/sharedProcess/sharedProcessMain.js:100:121718)
    at async te.h (/Applications/Visual Studio Code.app/Contents/Resources/app/out/vs/code/node/sharedProcess/sharedProcessMain.js:100:119735)
2023-12-24 22:10:34.480 [error] Error while installing the extension: ms-toolsai.jupyter
2023-12-24 22:10:34.480 [error] [uncaught exception in sharedProcess]: net::ERR_NAME_NOT_RESOLVED: Download: net::ERR_NAME_NOT_RESOLVED
    at d.download (/Applications/Visual Studio Code.app/Contents/Resources/app/out/vs/code/node/sharedProcess/sharedProcessMain.js:81:16857)
    at async te.x (/Applications/Visual Studio Code.app/Contents/Resources/app/out/vs/code/node/sharedProcess/sharedProcessMain.js:100:121718)
    at async te.h (/Applications/Visual Studio Code.app/Contents/Resources/app/out/vs/code/node/sharedProcess/sharedProcessMain.js:100:119735)
2023-12-24 22:10:34.541 [info] Rollback: Uninstalled extension ms-python.python
2023-12-24 22:10:34.541 [error] Failed to install extension. ms-python.python
2023-12-24 22:10:34.541 [error] Error: Extension ms-python.vscode-pylance is not installed
    at /Applications/Visual Studio Code.app/Contents/Resources/app/out/vs/code/node/sharedProcess/sharedProcessMain.js:100:66987
    at async Promise.allSettled (index 0)
    at async Y.M (/Applications/Visual Studio Code.app/Contents/Resources/app/out/vs/code/node/sharedProcess/sharedProcessMain.js:100:70356)
    at async Y.J (/Applications/Visual Studio Code.app/Contents/Resources/app/out/vs/code/node/sharedProcess/sharedProcessMain.js:100:69329)
    at async /Applications/Visual Studio Code.app/Contents/Resources/app/out/vs/code/node/sharedProcess/sharedProcessMain.js:100:64829
    at async Promise.allSettled (index 0)
    at async Y.I (/Applications/Visual Studio Code.app/Contents/Resources/app/out/vs/code/node/sharedProcess/sharedProcessMain.js:100:64776)
    at async Y.installGalleryExtensions (/Applications/Visual Studio Code.app/Contents/Resources/app/out/vs/code/node/sharedProcess/sharedProcessMain.js:100:63225)
    at async Y.installFromGallery (/Applications/Visual Studio Code.app/Contents/Resources/app/out/vs/code/node/sharedProcess/sharedProcessMain.js:100:62546)
2023-12-24 22:10:34.625 [info] Marked extension as uninstalled ms-python.python-2023.22.1
2023-12-24 22:10:34.787 [info] Rollback: Uninstalled extension ms-toolsai.vscode-jupyter-cell-tags
2023-12-24 22:10:34.788 [info] Rollback: Uninstalled extension ms-toolsai.vscode-jupyter-slideshow
2023-12-24 22:10:34.803 [error] Failed to install extension. ms-toolsai.jupyter
2023-12-24 22:10:34.804 [error] Download: net::ERR_NAME_NOT_RESOLVED
    at d.download (/Applications/Visual Studio Code.app/Contents/Resources/app/out/vs/code/node/sharedProcess/sharedProcessMain.js:81:16857)
    at async te.x (/Applications/Visual Studio Code.app/Contents/Resources/app/out/vs/code/node/sharedProcess/sharedProcessMain.js:100:121718)
    at async te.h (/Applications/Visual Studio Code.app/Contents/Resources/app/out/vs/code/node/sharedProcess/sharedProcessMain.js:100:119735)
2023-12-24 22:10:34.804 [error] Failed to install extension. ms-toolsai.vscode-jupyter-cell-tags
2023-12-24 22:10:34.806 [error] Download: net::ERR_NAME_NOT_RESOLVED
    at d.download (/Applications/Visual Studio Code.app/Contents/Resources/app/out/vs/code/node/sharedProcess/sharedProcessMain.js:81:16857)
    at async te.x (/Applications/Visual Studio Code.app/Contents/Resources/app/out/vs/code/node/sharedProcess/sharedProcessMain.js:100:121718)
    at async te.h (/Applications/Visual Studio Code.app/Contents/Resources/app/out/vs/code/node/sharedProcess/sharedProcessMain.js:100:119735)
2023-12-24 22:10:34.806 [error] Failed to install extension. ms-toolsai.vscode-jupyter-slideshow
2023-12-24 22:10:34.807 [error] Download: net::ERR_NAME_NOT_RESOLVED
    at d.download (/Applications/Visual Studio Code.app/Contents/Resources/app/out/vs/code/node/sharedProcess/sharedProcessMain.js:81:16857)
    at async te.x (/Applications/Visual Studio Code.app/Contents/Resources/app/out/vs/code/node/sharedProcess/sharedProcessMain.js:100:121718)
    at async te.h (/Applications/Visual Studio Code.app/Contents/Resources/app/out/vs/code/node/sharedProcess/sharedProcessMain.js:100:119735)
2023-12-24 22:10:34.836 [info] Marked extension as uninstalled ms-toolsai.vscode-jupyter-cell-tags-0.1.8
2023-12-24 22:10:34.871 [info] Marked extension as uninstalled ms-toolsai.vscode-jupyter-slideshow-0.1.5
