2023-12-24 22:04:59.571 [info] Log level: Info
2023-12-24 22:04:59.572 [info] Validating found git in: "/usr/local/bin/git"
2023-12-24 22:04:59.841 [info] Using git "2.42.1" from "/usr/local/bin/git"
2023-12-24 22:04:59.910 [info] > git rev-parse --show-toplevel [30ms]
2023-12-24 22:04:59.934 [info] > git rev-parse --show-toplevel [16ms]
2023-12-24 22:04:59.948 [info] > git rev-parse --show-toplevel [10ms]
2023-12-24 22:04:59.962 [info] > git rev-parse --show-toplevel [9ms]
2023-12-24 22:05:01.650 [info] > git rev-parse --show-toplevel [135ms]
2023-12-24 22:05:05.158 [info] > git rev-parse --show-toplevel [16ms]
2023-12-24 22:05:40.342 [info] > git rev-parse --show-toplevel [43ms]
2023-12-24 22:05:42.595 [info] > git rev-parse --show-toplevel [20ms]
2023-12-24 22:07:03.113 [warning] Failed to get repository realpath for: "/Users/local/moonbeam/.vscode/extensions/.c9637a9a-9962-4ba3-8a43-6d1bbb46151c/". Error: ENOENT: no such file or directory, realpath '/Users/local/moonbeam/.vscode/extensions/.c9637a9a-9962-4ba3-8a43-6d1bbb46151c/'
2023-12-24 22:07:12.080 [warning] Failed to get repository realpath for: "/Users/local/moonbeam/.vscode/extensions/.2ca3bc63-b8c3-4612-8c29-f77ac6e6bdf8/". Error: ENOENT: no such file or directory, realpath '/Users/local/moonbeam/.vscode/extensions/.2ca3bc63-b8c3-4612-8c29-f77ac6e6bdf8/'
2023-12-24 22:08:06.121 [info] > git rev-parse --show-toplevel [44ms]
2023-12-24 22:09:13.653 [info] > git rev-parse --show-toplevel [46ms]
2023-12-24 22:09:14.861 [info] > git rev-parse --show-toplevel [15ms]
2023-12-24 22:36:35.799 [info] > git rev-parse --show-toplevel [1206ms]
2023-12-24 22:37:41.441 [info] > git rev-parse --show-toplevel [25ms]
2023-12-24 22:37:41.477 [info] > git rev-parse --git-dir --git-common-dir [20ms]
2023-12-24 22:37:41.561 [info] Open repository: /Users/local/moonbeam
2023-12-24 22:37:41.618 [info] No remotes found in the git config file.
2023-12-24 22:37:41.699 [info] > git config --get commit.template [46ms]
2023-12-24 22:37:41.703 [info] > git for-each-ref --format=%(refname)%00%(upstream:short)%00%(objectname)%00%(upstream:track)%00%(upstream:remotename)%00%(upstream:remoteref) --ignore-case refs/heads/master refs/remotes/master [88ms]
2023-12-24 22:37:41.989 [info] > git show --textconv :package.json [23ms]
2023-12-24 22:37:41.993 [info] > git ls-files --stage -- /Users/local/moonbeam/package.json [15ms]
2023-12-24 22:37:42.125 [info] > git check-ignore -v -z --stdin [20ms]
2023-12-24 22:37:42.167 [info] > git status -z -uall [400ms]
2023-12-24 22:37:45.156 [info] > git config --get commit.template [299ms]
2023-12-24 22:37:45.179 [info] No remotes found in the git config file.
2023-12-24 22:37:45.197 [info] > git for-each-ref --format=%(refname)%00%(upstream:short)%00%(objectname)%00%(upstream:track)%00%(upstream:remotename)%00%(upstream:remoteref) --ignore-case refs/heads/master refs/remotes/master [18ms]
2023-12-24 22:37:45.529 [info] > git status -z -uall [327ms]
2023-12-24 22:37:49.590 [info] No remotes found in the git config file.
2023-12-24 22:37:49.675 [info] > git for-each-ref --format=%(refname)%00%(upstream:short)%00%(objectname)%00%(upstream:track)%00%(upstream:remotename)%00%(upstream:remoteref) --ignore-case refs/heads/master refs/remotes/master [75ms]
2023-12-24 22:37:49.676 [info] > git config --get commit.template [89ms]
2023-12-24 22:37:50.049 [info] > git status -z -uall [315ms]
2023-12-24 22:37:55.990 [info] > git ls-files --stage -- /Users/local/moonbeam/package.json [21ms]
2023-12-24 22:37:56.022 [info] > git show --textconv :package.json [22ms]
2023-12-24 22:37:56.208 [info] > git config --get commit.template [23ms]
2023-12-24 22:37:56.215 [info] > git for-each-ref --format=%(refname)%00%(upstream:short)%00%(objectname)%00%(upstream:track)%00%(upstream:remotename)%00%(upstream:remoteref) --ignore-case refs/heads/master refs/remotes/master [23ms]
2023-12-24 22:37:56.407 [info] > git status -z -uall [186ms]
2023-12-24 22:38:01.566 [info] > git config --get commit.template [21ms]
2023-12-24 22:38:01.574 [info] > git for-each-ref --format=%(refname)%00%(upstream:short)%00%(objectname)%00%(upstream:track)%00%(upstream:remotename)%00%(upstream:remoteref) --ignore-case refs/heads/master refs/remotes/master [23ms]
2023-12-24 22:38:01.745 [info] > git status -z -uall [165ms]
2023-12-24 22:38:09.441 [info] > git config --get commit.template [128ms]
2023-12-24 22:38:09.464 [info] > git for-each-ref --format=%(refname)%00%(upstream:short)%00%(objectname)%00%(upstream:track)%00%(upstream:remotename)%00%(upstream:remoteref) --ignore-case refs/heads/master refs/remotes/master [108ms]
2023-12-24 22:38:09.931 [info] > git status -z -uall [450ms]
2023-12-24 22:38:12.970 [info] > git check-ignore -v -z --stdin [15ms]
2023-12-24 22:38:17.528 [info] > git check-ignore -v -z --stdin [25ms]
2023-12-24 22:38:17.930 [info] > git show --textconv :.gitignore [26ms]
2023-12-24 22:38:17.967 [info] > git ls-files --stage -- /Users/local/moonbeam/.gitignore [55ms]
2023-12-24 22:38:18.015 [info] > git config --get commit.template [23ms]
2023-12-24 22:38:18.024 [info] > git for-each-ref --format=%(refname)%00%(upstream:short)%00%(objectname)%00%(upstream:track)%00%(upstream:remotename)%00%(upstream:remoteref) --ignore-case refs/heads/master refs/remotes/master [25ms]
2023-12-24 22:38:18.416 [info] > git status -z -uall [386ms]
2023-12-24 22:38:22.979 [info] > git check-ignore -v -z --stdin [26ms]
2023-12-24 22:38:23.083 [info] > git show --textconv :.env [21ms]
2023-12-24 22:38:23.092 [info] > git ls-files --stage -- /Users/local/moonbeam/.env [23ms]
2023-12-24 22:38:25.106 [info] > git config --get commit.template [23ms]
2023-12-24 22:38:25.111 [info] > git for-each-ref --format=%(refname)%00%(upstream:short)%00%(objectname)%00%(upstream:track)%00%(upstream:remotename)%00%(upstream:remoteref) --ignore-case refs/heads/master refs/remotes/master [22ms]
2023-12-24 22:38:25.507 [info] > git status -z -uall [390ms]
2023-12-24 22:38:30.784 [info] > git for-each-ref --format=%(refname)%00%(upstream:short)%00%(objectname)%00%(upstream:track)%00%(upstream:remotename)%00%(upstream:remoteref) --ignore-case refs/heads/master refs/remotes/master [26ms]
2023-12-24 22:38:30.786 [info] > git config --get commit.template [34ms]
2023-12-24 22:38:30.948 [info] > git status -z -uall [156ms]
2023-12-24 22:38:37.130 [info] > git config --get commit.template [34ms]
2023-12-24 22:38:37.132 [info] > git for-each-ref --format=%(refname)%00%(upstream:short)%00%(objectname)%00%(upstream:track)%00%(upstream:remotename)%00%(upstream:remoteref) --ignore-case refs/heads/master refs/remotes/master [27ms]
2023-12-24 22:38:37.414 [info] > git status -z -uall [275ms]
2023-12-24 22:38:40.660 [info] > git show --textconv :.gitignore [29ms]
2023-12-24 22:38:46.431 [info] > git ls-files --stage -- /Users/local/moonbeam/.gitignore [5790ms]
2023-12-24 22:38:47.636 [info] > git config --get commit.template [45ms]
2023-12-24 22:38:47.670 [info] > git for-each-ref --format=%(refname)%00%(upstream:short)%00%(objectname)%00%(upstream:track)%00%(upstream:remotename)%00%(upstream:remoteref) --ignore-case refs/heads/master refs/remotes/master [24ms]
2023-12-24 22:38:47.959 [info] > git status -z -uall [282ms]
2023-12-24 22:38:51.220 [info] > git check-ignore -v -z --stdin [22ms]
2023-12-24 22:38:53.175 [info] > git config --get commit.template [25ms]
2023-12-24 22:38:53.189 [info] > git for-each-ref --format=%(refname)%00%(upstream:short)%00%(objectname)%00%(upstream:track)%00%(upstream:remotename)%00%(upstream:remoteref) --ignore-case refs/heads/master refs/remotes/master [31ms]
2023-12-24 22:38:53.456 [info] > git status -z -uall [260ms]
2023-12-24 22:38:59.751 [info] > git config --get commit.template [431ms]
2023-12-24 22:38:59.800 [info] > git for-each-ref --format=%(refname)%00%(upstream:short)%00%(objectname)%00%(upstream:track)%00%(upstream:remotename)%00%(upstream:remoteref) --ignore-case refs/heads/master refs/remotes/master [28ms]
2023-12-24 22:39:00.146 [info] > git status -z -uall [317ms]
2023-12-24 22:39:02.054 [info] > git check-ignore -v -z --stdin [31ms]
2023-12-24 22:39:05.513 [info] > git config --get commit.template [29ms]
2023-12-24 22:39:05.522 [info] > git for-each-ref --format=%(refname)%00%(upstream:short)%00%(objectname)%00%(upstream:track)%00%(upstream:remotename)%00%(upstream:remoteref) --ignore-case refs/heads/master refs/remotes/master [26ms]
2023-12-24 22:39:06.132 [info] > git status -z -uall [603ms]
2023-12-24 22:39:10.256 [info] > git check-ignore -v -z --stdin [27ms]
2023-12-24 22:39:11.578 [info] > git config --get commit.template [23ms]
2023-12-24 22:39:11.589 [info] > git for-each-ref --format=%(refname)%00%(upstream:short)%00%(objectname)%00%(upstream:track)%00%(upstream:remotename)%00%(upstream:remoteref) --ignore-case refs/heads/master refs/remotes/master [25ms]
2023-12-24 22:39:11.625 [info] > git status -z -uall [29ms]
2023-12-24 22:39:19.174 [info] > git config --get commit.template [28ms]
2023-12-24 22:39:19.185 [info] > git for-each-ref --format=%(refname)%00%(upstream:short)%00%(objectname)%00%(upstream:track)%00%(upstream:remotename)%00%(upstream:remoteref) --ignore-case refs/heads/master refs/remotes/master [31ms]
2023-12-24 22:39:19.228 [info] > git status -z -uall [36ms]
2023-12-24 22:39:24.290 [info] > git config --get commit.template [31ms]
2023-12-24 22:39:24.296 [info] > git for-each-ref --format=%(refname)%00%(upstream:short)%00%(objectname)%00%(upstream:track)%00%(upstream:remotename)%00%(upstream:remoteref) --ignore-case refs/heads/master refs/remotes/master [31ms]
2023-12-24 22:39:24.332 [info] > git status -z -uall [30ms]
2023-12-24 22:39:29.371 [info] > git config --get commit.template [28ms]
2023-12-24 22:39:29.381 [info] > git for-each-ref --format=%(refname)%00%(upstream:short)%00%(objectname)%00%(upstream:track)%00%(upstream:remotename)%00%(upstream:remoteref) --ignore-case refs/heads/master refs/remotes/master [30ms]
2023-12-24 22:39:29.415 [info] > git status -z -uall [28ms]
